<?xml version="1.0" encoding="UTF-8"?>
<!-- Generated by org.testng.reporters.JUnitXMLReporter -->
<testsuite ignored="0" hostname="Abdul-Hamid-MJKQITO" failures="0" tests="6" name="Surefire test" time="24.081" errors="0" timestamp="05 Jul 2020 08:32:07 GMT">
  <testcase classname="SeleniumTestSuit.NewSeleniumTest.AppTest" name="ToolsQA" time="5.797"/>
  <testcase classname="SeleniumTestSuit.NewSeleniumTest.AppTest" name="Yahoo" time="1.6"/>
  <testcase classname="SeleniumTestSuit.NewSeleniumTest.AppTest" name="google" time="1.814"/>
  <testcase classname="SeleniumTestSuit.NewSeleniumTest.AppTest" name="guru99" time="3.431"/>
  <testcase classname="SeleniumTestSuit.NewSeleniumTest.AppTest" name="inCom" time="2.237"/>
  <testcase classname="SeleniumTestSuit.NewSeleniumTest.AppTest" name="methodHellowWord" time="0.0"/>
</testsuite> <!-- Surefire test -->
