<?xml version="1.0" encoding="UTF-8"?>
<!-- Generated by org.testng.reporters.JUnitXMLReporter -->
<testsuite ignored="0" hostname="Abdul-Hamid-MJKQITO" failures="0" tests="6" name="Surefire test" time="24.393" errors="0" timestamp="05 Jul 2020 09:06:20 GMT">
  <testcase classname="SeleniumTestSuit.NewSeleniumTest.titleValidationTest" name="helloDear" time="0.0"/>
  <testcase classname="SeleniumTestSuit.NewSeleniumTest.urlTest" name="ToolsQA" time="5.863"/>
  <testcase classname="SeleniumTestSuit.NewSeleniumTest.urlTest" name="Yahoo" time="2.439"/>
  <testcase classname="SeleniumTestSuit.NewSeleniumTest.urlTest" name="google" time="1.428"/>
  <testcase classname="SeleniumTestSuit.NewSeleniumTest.urlTest" name="guru99" time="2.856"/>
  <testcase classname="SeleniumTestSuit.NewSeleniumTest.urlTest" name="inCom" time="3.273"/>
</testsuite> <!-- Surefire test -->
