<?xml version="1.0" encoding="UTF-8"?>
<!-- Generated by org.testng.reporters.JUnitXMLReporter -->
<testsuite ignored="0" hostname="Abdul-Hamid-MJKQITO" failures="0" tests="6" name="Default test" time="27.375" errors="0" timestamp="05 Jul 2020 07:51:31 GMT">
  <testcase classname="SeleniumTestSuit.NewSeleniumTest.AppTest" name="ToolsQA" time="7.459"/>
  <testcase classname="SeleniumTestSuit.NewSeleniumTest.AppTest" name="Yahoo" time="2.234"/>
  <testcase classname="SeleniumTestSuit.NewSeleniumTest.AppTest" name="google" time="1.581"/>
  <testcase classname="SeleniumTestSuit.NewSeleniumTest.AppTest" name="guru99" time="2.192"/>
  <testcase classname="SeleniumTestSuit.NewSeleniumTest.AppTest" name="inCom" time="1.722"/>
  <testcase classname="SeleniumTestSuit.NewSeleniumTest.AppTest" name="methodHellowWord" time="0.003"/>
</testsuite> <!-- Default test -->
