<?xml version="1.0" encoding="UTF-8"?>
<!-- Generated by org.testng.reporters.JUnitXMLReporter -->
<testsuite ignored="0" hostname="Abdul-Hamid-MJKQITO" failures="0" tests="7" name="Test" time="25.824" errors="0" timestamp="05 Jul 2020 08:41:55 GMT">
  <testcase classname="SeleniumTestSuit.NewSeleniumTest.titleValidationTest" name="helloDear" time="0.016"/>
  <testcase classname="SeleniumTestSuit.NewSeleniumTest.urlTest" name="ToolsQA" time="7.95"/>
  <testcase classname="SeleniumTestSuit.NewSeleniumTest.urlTest" name="Yahoo" time="3.126"/>
  <testcase classname="SeleniumTestSuit.NewSeleniumTest.urlTest" name="google" time="1.242"/>
  <testcase classname="SeleniumTestSuit.NewSeleniumTest.urlTest" name="guru99" time="3.141"/>
  <testcase classname="SeleniumTestSuit.NewSeleniumTest.urlTest" name="inCom" time="1.374"/>
  <testcase classname="SeleniumTestSuit.NewSeleniumTest.urlTest" name="methodHellowWord" time="0.002"/>
</testsuite> <!-- Test -->
