<?xml version="1.0" encoding="UTF-8"?>
<!-- Generated by org.testng.reporters.JUnitXMLReporter -->
<testsuite ignored="0" hostname="Abdul-Hamid-MJKQITO" failures="0" tests="6" name="titleValidation" time="21.142" errors="0" timestamp="05 Jul 2020 08:52:05 GMT">
  <testcase classname="SeleniumTestSuit.NewSeleniumTest.urlTest" name="ToolsQA" time="5.808"/>
  <testcase classname="SeleniumTestSuit.NewSeleniumTest.urlTest" name="Yahoo" time="1.696"/>
  <testcase classname="SeleniumTestSuit.NewSeleniumTest.urlTest" name="google" time="1.082"/>
  <testcase classname="SeleniumTestSuit.NewSeleniumTest.urlTest" name="guru99" time="2.941"/>
  <testcase classname="SeleniumTestSuit.NewSeleniumTest.urlTest" name="inCom" time="1.436"/>
  <testcase classname="SeleniumTestSuit.NewSeleniumTest.urlTest" name="methodHellowWord" time="0.0"/>
</testsuite> <!-- titleValidation -->
