<?xml version="1.0" encoding="UTF-8"?>
<!-- Generated by org.testng.reporters.JUnitXMLReporter -->
<testsuite ignored="0" hostname="DESKTOP-3MREL07" failures="0" tests="6" name="titleValidation" time="19.817" errors="0" timestamp="13 Jul 2023 17:35:12 GMT">
  <testcase classname="SeleniumTestSuit.NewSeleniumTest.URLTest" name="Google" time="2.214"/>
  <testcase classname="SeleniumTestSuit.NewSeleniumTest.URLTest" name="Guru99" time="2.382"/>
  <testcase classname="SeleniumTestSuit.NewSeleniumTest.URLTest" name="InCom" time="4.091"/>
  <testcase classname="SeleniumTestSuit.NewSeleniumTest.URLTest" name="InURLTest" time="0.0"/>
  <testcase classname="SeleniumTestSuit.NewSeleniumTest.URLTest" name="ToolsQA" time="2.676"/>
  <testcase classname="SeleniumTestSuit.NewSeleniumTest.URLTest" name="Yahoo" time="1.394"/>
</testsuite> <!-- titleValidation -->
