<?xml version="1.0" encoding="UTF-8"?>
<testsuite xmlns:xsi="http://www.w3.org/2001/XMLSchema-instance" xsi:noNamespaceSchemaLocation="https://maven.apache.org/surefire/maven-surefire-plugin/xsd/surefire-test-report-3.0.xsd" version="3.0" name="TestSuite" time="22.152" tests="6" errors="0" skipped="0" failures="0">
  <properties>
[...]
</properties>
  <testcase name="Google" classname="SeleniumTestSuit.NewSeleniumTest.URLTest" time="2.181">
    <system-out><![CDATA[[TestNGContentHandler] [WARN] It is strongly recommended to add "<!DOCTYPE suite SYSTEM "http://testng.org/testng-1.0.dtd" >" at the top of your file, otherwise TestNG may fail or not work as expected.
Url test, Before Test, Browser initialization
Google
]]></system-out>
    <system-err><![CDATA[Starting ChromeDriver 114.0.5735.90 (386bc09e8f4f2e025eddae123f36f6263096ae49-refs/branch-heads/5735@{#1052}) on port 6476
Only local connections are allowed.
Please see https://chromedriver.chromium.org/security-considerations for suggestions on keeping ChromeDriver safe.
ChromeDriver was started successfully.
Jul 13, 2023 11:04:54 PM org.openqa.selenium.remote.ProtocolHandshake createSession
INFO: Detected dialect: W3C
]]></system-err>
  </testcase>
  <testcase name="Guru99" classname="SeleniumTestSuit.NewSeleniumTest.URLTest" time="2.367">
    <system-out><![CDATA[Guru99 Bank Home Page
]]></system-out>
  </testcase>
  <testcase name="InCom" classname="SeleniumTestSuit.NewSeleniumTest.URLTest" time="4.092">
    <system-out><![CDATA[Latest Entertainment News: Celebrity News, Latest News on TV Reality Shows, Breaking News & Trending Stories News18
]]></system-out>
  </testcase>
  <testcase name="InURLTest" classname="SeleniumTestSuit.NewSeleniumTest.URLTest" time="0">
    <system-out><![CDATA[In URLTest
]]></system-out>
  </testcase>
  <testcase name="ToolsQA" classname="SeleniumTestSuit.NewSeleniumTest.URLTest" time="2.677">
    <system-out><![CDATA[Tools QA
]]></system-out>
  </testcase>
  <testcase name="Yahoo" classname="SeleniumTestSuit.NewSeleniumTest.URLTest" time="1.395">
    <system-out><![CDATA[Yahoo Search - Web Search
]]></system-out>
  </testcase>
</testsuite>