<?xml version="1.0" encoding="UTF-8"?>
<testsuite xmlns:xsi="http://www.w3.org/2001/XMLSchema-instance" xsi:noNamespaceSchemaLocation="https://maven.apache.org/surefire/maven-surefire-plugin/xsd/surefire-test-report-3.0.xsd" version="3.0" name="TestSuite" time="46.689" tests="7" errors="0" skipped="0" failures="1">
  <properties>
[...]
</properties>
  <testcase name="FirstTest" classname="SeleniumTestSuit.NewSeleniumTest.titleValidationTest" time="0.001">
    <system-out><![CDATA[[TestNGContentHandler] [WARN] It is strongly recommended to add "<!DOCTYPE suite SYSTEM "http://testng.org/testng-1.0.dtd" >" at the top of your file, otherwise TestNG may fail or not work as expected.
titleValidationTest, before Test
Url test, Before Test, Browser initialization
titleValidationTest, before class
titleValidationTest, BeforeMethod
In titleValidationTest
]]></system-out>
    <system-err><![CDATA[Starting ChromeDriver 83.0.4103.39 (ccbf011cb2d2b19b506d844400483861342c20cd-refs/branch-heads/4103@{#416}) on port 28074
Only local connections are allowed.
Please see https://chromedriver.chromium.org/security-considerations for suggestions on keeping ChromeDriver safe.
ChromeDriver was started successfully.
Jul 08, 2020 9:28:55 PM org.openqa.selenium.remote.ProtocolHandshake createSession
INFO: Detected dialect: W3C
]]></system-err>
  </testcase>
  <testcase name="BlaBlaBla" classname="SeleniumTestSuit.NewSeleniumTest.URLTest" time="0">
    <system-out><![CDATA[titleValidationTest, AfterMethod
titleValidationTest, after class
titleValidationTest, after Test
Url test, After Test, Browser closing
Url test, Before Test, Browser initialization
Url test, BeforeClass
Url test, BeforeMethod
In URLTest
]]></system-out>
    <system-err><![CDATA[Starting ChromeDriver 83.0.4103.39 (ccbf011cb2d2b19b506d844400483861342c20cd-refs/branch-heads/4103@{#416}) on port 48699
Only local connections are allowed.
Please see https://chromedriver.chromium.org/security-considerations for suggestions on keeping ChromeDriver safe.
ChromeDriver was started successfully.
Jul 08, 2020 9:29:16 PM org.openqa.selenium.remote.ProtocolHandshake createSession
INFO: Detected dialect: W3C
]]></system-err>
  </testcase>
  <testcase name="ToolsQA" classname="SeleniumTestSuit.NewSeleniumTest.URLTest" time="5.736">
    <failure message="no such element: Unable to locate element: {&quot;method&quot;:&quot;css selector&quot;,&quot;selector&quot;:&quot;#efefefefef&quot;}&#10;  (Session info: headless chrome=83.0.4103.116)&#10;For documentation on this error, please visit: https://www.seleniumhq.org/exceptions/no_such_element.html&#10;Build info: version: &apos;3.141.59&apos;, revision: &apos;e82be7d358&apos;, time: &apos;2018-11-14T08:17:03&apos;&#10;System info: host: &apos;ABDUL-HAMID-MJK&apos;, ip: &apos;192.168.0.15&apos;, os.name: &apos;Windows 10&apos;, os.arch: &apos;amd64&apos;, os.version: &apos;10.0&apos;, java.version: &apos;13.0.1&apos;&#10;Driver info: org.openqa.selenium.chrome.ChromeDriver&#10;Capabilities {acceptInsecureCerts: false, browserName: chrome, browserVersion: 83.0.4103.116, chrome: {chromedriverVersion: 83.0.4103.39 (ccbf011cb2d2b..., userDataDir: C:\Users\ABDULH~1\AppData\L...}, goog:chromeOptions: {debuggerAddress: localhost:52531}, javascriptEnabled: true, networkConnectionEnabled: false, pageLoadStrategy: normal, platform: WINDOWS, platformName: WINDOWS, proxy: Proxy(), setWindowRect: true, strictFileInteractability: false, timeouts: {implicit: 0, pageLoad: 300000, script: 30000}, unhandledPromptBehavior: dismiss and notify, webauthn:virtualAuthenticators: true}&#10;Session ID: c901716843941809ea292b9df0bef4d0&#10;*** Element info: {Using=id, value=efefefefef}" type="org.openqa.selenium.NoSuchElementException"><![CDATA[org.openqa.selenium.NoSuchElementException: 
no such element: Unable to locate element: {"method":"css selector","selector":"#efefefefef"}
  (Session info: headless chrome=83.0.4103.116)
For documentation on this error, please visit: https://www.seleniumhq.org/exceptions/no_such_element.html
Build info: version: '3.141.59', revision: 'e82be7d358', time: '2018-11-14T08:17:03'
System info: host: 'ABDUL-HAMID-MJK', ip: '192.168.0.15', os.name: 'Windows 10', os.arch: 'amd64', os.version: '10.0', java.version: '13.0.1'
Driver info: org.openqa.selenium.chrome.ChromeDriver
Capabilities {acceptInsecureCerts: false, browserName: chrome, browserVersion: 83.0.4103.116, chrome: {chromedriverVersion: 83.0.4103.39 (ccbf011cb2d2b..., userDataDir: C:\Users\ABDULH~1\AppData\L...}, goog:chromeOptions: {debuggerAddress: localhost:52531}, javascriptEnabled: true, networkConnectionEnabled: false, pageLoadStrategy: normal, platform: WINDOWS, platformName: WINDOWS, proxy: Proxy(), setWindowRect: true, strictFileInteractability: false, timeouts: {implicit: 0, pageLoad: 300000, script: 30000}, unhandledPromptBehavior: dismiss and notify, webauthn:virtualAuthenticators: true}
Session ID: c901716843941809ea292b9df0bef4d0
*** Element info: {Using=id, value=efefefefef}
	at SeleniumTestSuit.NewSeleniumTest.URLTest.ToolsQA(URLTest.java:52)
]]></failure>
    <system-out><![CDATA[Url test, AfterMethod
Url test, BeforeMethod
Free QA Automation Tools Tutorial for Beginners with Examples
Element found: 1
]]></system-out>
  </testcase>
  <testcase name="Yahoo" classname="SeleniumTestSuit.NewSeleniumTest.URLTest" time="1.673">
    <system-out><![CDATA[Url test, AfterMethod
Url test, BeforeMethod
Yahoo India | News, Finance, Cricket, Lifestyle and Entertainment
Element found: 1
]]></system-out>
  </testcase>
  <testcase name="google" classname="SeleniumTestSuit.NewSeleniumTest.URLTest" time="1.126">
    <system-out><![CDATA[Url test, AfterMethod
Url test, BeforeMethod
Google
Element found: 1
]]></system-out>
  </testcase>
  <testcase name="guru99" classname="SeleniumTestSuit.NewSeleniumTest.URLTest" time="2.945">
    <system-out><![CDATA[Url test, AfterMethod
Url test, BeforeMethod
Guru99 Bank Home Page
Element found: 1
]]></system-out>
  </testcase>
  <testcase name="inCom" classname="SeleniumTestSuit.NewSeleniumTest.URLTest" time="2.39">
    <system-out><![CDATA[Url test, AfterMethod
Url test, BeforeMethod
Latest Entertainment News: Celebrity News, Latest News on TV Reality Shows, Breaking News & Trending Stories
Element found: 1
]]></system-out>
  </testcase>
</testsuite>