<?xml version="1.0" encoding="UTF-8"?>
<testng-results ignored="0" total="6" passed="6" failed="0" skipped="0">
  <reporter-output>
  </reporter-output>
  <suite started-at="2023-07-13T17:34:53Z" name="Suite" finished-at="2023-07-13T17:35:12Z" duration-ms="19849">
    <groups>
    </groups>
    <test started-at="2023-07-13T17:34:53Z" name="urlValidation" finished-at="2023-07-13T17:34:53Z" duration-ms="3">
    </test> <!-- urlValidation -->
    <test started-at="2023-07-13T17:34:53Z" name="titleValidation" finished-at="2023-07-13T17:35:12Z" duration-ms="19817">
      <class name="SeleniumTestSuit.NewSeleniumTest.URLTest">
        <test-method is-config="true" signature="browserConfig()[pri:0, instance:SeleniumTestSuit.NewSeleniumTest.URLTest@51fadaff]" started-at="2023-07-13T17:34:53Z" name="browserConfig" finished-at="2023-07-13T17:35:00Z" duration-ms="7034" status="PASS">
          <reporter-output>
          </reporter-output>
        </test-method> <!-- browserConfig -->
        <test-method signature="Google()[pri:0, instance:SeleniumTestSuit.NewSeleniumTest.URLTest@51fadaff]" started-at="2023-07-13T17:35:00Z" name="Google" finished-at="2023-07-13T17:35:02Z" duration-ms="2214" status="PASS">
          <reporter-output>
          </reporter-output>
        </test-method> <!-- Google -->
        <test-method signature="Guru99()[pri:0, instance:SeleniumTestSuit.NewSeleniumTest.URLTest@51fadaff]" started-at="2023-07-13T17:35:02Z" name="Guru99" finished-at="2023-07-13T17:35:04Z" duration-ms="2382" status="PASS">
          <reporter-output>
          </reporter-output>
        </test-method> <!-- Guru99 -->
        <test-method signature="InCom()[pri:0, instance:SeleniumTestSuit.NewSeleniumTest.URLTest@51fadaff]" started-at="2023-07-13T17:35:04Z" name="InCom" finished-at="2023-07-13T17:35:08Z" duration-ms="4091" status="PASS">
          <reporter-output>
          </reporter-output>
        </test-method> <!-- InCom -->
        <test-method signature="InURLTest()[pri:0, instance:SeleniumTestSuit.NewSeleniumTest.URLTest@51fadaff]" started-at="2023-07-13T17:35:08Z" name="InURLTest" finished-at="2023-07-13T17:35:08Z" duration-ms="0" status="PASS">
          <reporter-output>
          </reporter-output>
        </test-method> <!-- InURLTest -->
        <test-method signature="ToolsQA()[pri:0, instance:SeleniumTestSuit.NewSeleniumTest.URLTest@51fadaff]" started-at="2023-07-13T17:35:08Z" name="ToolsQA" finished-at="2023-07-13T17:35:11Z" duration-ms="2676" status="PASS">
          <reporter-output>
          </reporter-output>
        </test-method> <!-- ToolsQA -->
        <test-method signature="Yahoo()[pri:0, instance:SeleniumTestSuit.NewSeleniumTest.URLTest@51fadaff]" started-at="2023-07-13T17:35:11Z" name="Yahoo" finished-at="2023-07-13T17:35:12Z" duration-ms="1394" status="PASS">
          <reporter-output>
          </reporter-output>
        </test-method> <!-- Yahoo -->
      </class> <!-- SeleniumTestSuit.NewSeleniumTest.URLTest -->
    </test> <!-- titleValidation -->
  </suite> <!-- Suite -->
</testng-results>
