<?xml version="1.0" encoding="UTF-8"?>
<testng-results ignored="0" total="6" passed="6" failed="0" skipped="0">
  <reporter-output>
  </reporter-output>
  <suite started-at="2020-07-05T07:51:03Z" name="Default suite" finished-at="2020-07-05T07:51:30Z" duration-ms="27375">
    <groups>
    </groups>
    <test started-at="2020-07-05T07:51:03Z" name="Default test" finished-at="2020-07-05T07:51:30Z" duration-ms="27375">
      <class name="SeleniumTestSuit.NewSeleniumTest.AppTest">
        <test-method is-config="true" signature="browserConfig()[pri:0, instance:SeleniumTestSuit.NewSeleniumTest.AppTest@69930714]" started-at="2020-07-05T13:21:03Z" name="browserConfig" finished-at="2020-07-05T13:21:15Z" duration-ms="11427" status="PASS">
          <reporter-output>
          </reporter-output>
        </test-method> <!-- browserConfig -->
        <test-method signature="ToolsQA()[pri:0, instance:SeleniumTestSuit.NewSeleniumTest.AppTest@69930714]" started-at="2020-07-05T13:21:15Z" name="ToolsQA" finished-at="2020-07-05T13:21:22Z" duration-ms="7459" status="PASS">
          <reporter-output>
          </reporter-output>
        </test-method> <!-- ToolsQA -->
        <test-method signature="Yahoo()[pri:0, instance:SeleniumTestSuit.NewSeleniumTest.AppTest@69930714]" started-at="2020-07-05T13:21:22Z" name="Yahoo" finished-at="2020-07-05T13:21:24Z" duration-ms="2234" status="PASS">
          <reporter-output>
          </reporter-output>
        </test-method> <!-- Yahoo -->
        <test-method signature="google()[pri:0, instance:SeleniumTestSuit.NewSeleniumTest.AppTest@69930714]" started-at="2020-07-05T13:21:24Z" name="google" finished-at="2020-07-05T13:21:26Z" duration-ms="1581" status="PASS">
          <reporter-output>
          </reporter-output>
        </test-method> <!-- google -->
        <test-method signature="guru99()[pri:0, instance:SeleniumTestSuit.NewSeleniumTest.AppTest@69930714]" started-at="2020-07-05T13:21:26Z" name="guru99" finished-at="2020-07-05T13:21:28Z" duration-ms="2192" status="PASS">
          <reporter-output>
          </reporter-output>
        </test-method> <!-- guru99 -->
        <test-method signature="inCom()[pri:0, instance:SeleniumTestSuit.NewSeleniumTest.AppTest@69930714]" started-at="2020-07-05T13:21:28Z" name="inCom" finished-at="2020-07-05T13:21:30Z" duration-ms="1722" status="PASS">
          <reporter-output>
          </reporter-output>
        </test-method> <!-- inCom -->
        <test-method signature="methodHellowWord()[pri:0, instance:SeleniumTestSuit.NewSeleniumTest.AppTest@69930714]" started-at="2020-07-05T13:21:30Z" name="methodHellowWord" finished-at="2020-07-05T13:21:30Z" duration-ms="3" status="PASS">
          <reporter-output>
          </reporter-output>
        </test-method> <!-- methodHellowWord -->
        <test-method is-config="true" signature="browserRelease()[pri:0, instance:SeleniumTestSuit.NewSeleniumTest.AppTest@69930714]" started-at="2020-07-05T13:21:30Z" name="browserRelease" finished-at="2020-07-05T13:21:30Z" duration-ms="722" status="PASS">
          <reporter-output>
          </reporter-output>
        </test-method> <!-- browserRelease -->
      </class> <!-- SeleniumTestSuit.NewSeleniumTest.AppTest -->
    </test> <!-- Default test -->
  </suite> <!-- Default suite -->
</testng-results>
